#
# There is insufficient memory for the Java Runtime Environment to continue.
# Cannot create worker GC thread. Out of system resources.
# Possible reasons:
#   The system is out of physical RAM or swap space
#   The process is running with CompressedOops enabled, and the Java Heap may be blocking the growth of the native heap
# Possible solutions:
#   Reduce memory load on the system
#   Increase physical memory or swap space
#   Check if swap backing store is full
#   Decrease Java heap size (-Xmx/-Xms)
#   Decrease number of Java threads
#   Decrease Java thread stack sizes (-Xss)
#   Set larger code cache with -XX:ReservedCodeCacheSize=
#   JVM is running with Zero Based Compressed Oops mode in which the Java heap is
#     placed in the first 32GB address space. The Java Heap base address is the
#     maximum limit for the native heap growth. Please use -XX:HeapBaseMinAddress
#     to set the Java Heap base and to place the Java Heap above 32GB virtual address.
# This output file may be truncated or incomplete.
#
#  Out of Memory Error (workerManager.hpp:87), pid=1745483, tid=1745490
#
# JRE version:  (17.0.8.1+1) (build )
# Java VM: OpenJDK 64-Bit Server VM (17.0.8.1+1-Ubuntu-0ubuntu122.04, mixed mode, sharing, tiered, compressed oops, compressed class ptrs, g1 gc, linux-amd64)
# Core dump will be written. Default location: Core dumps may be processed with "/usr/share/apport/apport -p%p -s%s -c%c -d%d -P%P -u%u -g%g -- %E" (or dumping to /home/cim/ug/zlac318/CS2800/Calculator/core.1745483)
#

---------------  S U M M A R Y ------------

Command Line: -javaagent:/home/cim/ug/zlac318/.eclipse/org.eclipse.platform_4.28.0_1779727878_linux_gtk_x86_64/configuration/org.eclipse.osgi/464/0/.cp/jacocoagent.jar=includes=*,excludes=,exclclassloader=sun.reflect.DelegatingClassLoader,output=tcpclient,port=40853 -ea -Dfile.encoding=UTF-8 -XX:+ShowCodeDetailsInExceptionMessages org.eclipse.jdt.internal.junit.runner.RemoteTestRunner -version 3 -port 41887 -testLoaderClass org.eclipse.jdt.internal.junit5.runner.JUnit5TestLoader -loaderpluginname org.eclipse.jdt.junit5.runtime -packageNameFile /tmp/packageNames11747123742652293535.txt

Host: Intel(R) Xeon(R) Gold 6252 CPU @ 2.10GHz, 24 cores, 188G, Ubuntu 22.04.3 LTS
Time: Wed Nov 15 14:33:39 2023 GMT elapsed time: 0.009882 seconds (0d 0h 0m 0s)

---------------  T H R E A D  ---------------

Current thread (0x00007f45b8018330):  JavaThread "Unknown thread" [_thread_in_vm, id=1745490, stack(0x00007f45bc438000,0x00007f45bc538000)]

Stack: [0x00007f45bc438000,0x00007f45bc538000],  sp=0x00007f45bc5365b0,  free space=1017k
Native frames: (J=compiled Java code, j=interpreted, Vv=VM code, C=native code)
V  [libjvm.so+0xf560e5]  VMError::report_and_die(int, char const*, char const*, __va_list_tag*, Thread*, unsigned char*, void*, void*, char const*, int, unsigned long)+0x175
V  [libjvm.so+0xf56c51]  VMError::report_and_die(Thread*, char const*, int, unsigned long, VMErrorType, char const*, __va_list_tag*)+0x31
V  [libjvm.so+0x611430]  report_vm_out_of_memory(char const*, int, unsigned long, VMErrorType, char const*, ...)+0xe0
V  [libjvm.so+0xf8a09f]  WorkerManager::add_workers(WorkGang*, unsigned int, unsigned int, unsigned int, os::ThreadType, bool)+0x18f
V  [libjvm.so+0xf8a25d]  WorkGang::initialize_workers()+0x4d
V  [libjvm.so+0x70a720]  G1ConcurrentMark::G1ConcurrentMark(G1CollectedHeap*, G1RegionToSpaceMapper*, G1RegionToSpaceMapper*)+0x550
V  [libjvm.so+0x6f910c]  G1CollectedHeap::initialize()+0x70c
V  [libjvm.so+0xf02846]  universe_init()+0xd6
V  [libjvm.so+0x80b03b]  init_globals()+0x3b
V  [libjvm.so+0xed94a6]  Threads::create_vm(JavaVMInitArgs*, bool*)+0x386
V  [libjvm.so+0x8d8e45]  JNI_CreateJavaVM+0x55
C  [libjli.so+0x3d43]  JavaMain+0x93
C  [libjli.so+0x7fbd]  ThreadJavaMain+0xd


---------------  P R O C E S S  ---------------

Threads class SMR info:
_java_thread_list=0x00007f45bdc02a40, length=0, elements={
}

Java Threads: ( => current thread )

Other Threads:
  0x00007f45b804d060 GCTaskThread "GC Thread#0" [stack: 0x00007f4558695000,0x00007f4558795000] [id=1745491]

[error occurred during error reporting (printing all threads), id 0xb, SIGSEGV (0xb) at pc=0x00007f45bcf709a4]

VM state: not at safepoint (not fully initialized)

VM Mutex/Monitor currently owned by a thread:  ([mutex/lock_event])
[0x00007f45b8013f40] Heap_lock - owner thread: 0x00007f45b8018330

Heap address: 0x0000000082000000, size: 30688 MB, Compressed Oops mode: Zero based, Oop shift amount: 3

CDS archive(s) mapped at: [0x0000000000000000-0x0000000000000000-0x0000000000000000), size 0, SharedBaseAddress: 0x0000000800000000, ArchiveRelocationMode: 1.
Narrow klass base: 0x0000000000000000, Narrow klass shift: 0, Narrow klass range: 0x0

GC Precious Log:
<Empty>

Heap:
 garbage-first heap   total 0K, used 0K [0x0000000082000000, 0x0000000800000000)
  region size 16384K, 0 young (0K), 0 survivors (0K)

[error occurred during error reporting (printing heap information), id 0xb, SIGSEGV (0xb) at pc=0x00007f45bd541d1e]

GC Heap History (0 events):
No events

Dll operation events (1 events):
Event: 0.004 Loaded shared library /usr/lib/jvm/java-17-openjdk-amd64/lib/libjava.so

Deoptimization events (0 events):
No events

Classes unloaded (0 events):
No events

Classes redefined (0 events):
No events

Internal exceptions (0 events):
No events

VM Operations (0 events):
No events

Events (1 events):
Event: 0.004 Protecting memory [0x00007f45bc438000,0x00007f45bc43c000] with protection modes 0


Dynamic libraries:
82000000-800000000 ---p 00000000 00:00 0 
5566edb92000-5566edb93000 r--p 00000000 08:02 6040181                    /usr/lib/jvm/java-17-openjdk-amd64/bin/java
5566edb93000-5566edb94000 r-xp 00001000 08:02 6040181                    /usr/lib/jvm/java-17-openjdk-amd64/bin/java
5566edb94000-5566edb95000 r--p 00002000 08:02 6040181                    /usr/lib/jvm/java-17-openjdk-amd64/bin/java
5566edb95000-5566edb96000 r--p 00002000 08:02 6040181                    /usr/lib/jvm/java-17-openjdk-amd64/bin/java
5566edb96000-5566edb97000 rw-p 00003000 08:02 6040181                    /usr/lib/jvm/java-17-openjdk-amd64/bin/java
5566eeefb000-5566eef42000 rw-p 00000000 00:00 0                          [heap]
7f454c000000-7f454c021000 rw-p 00000000 00:00 0 
7f454c021000-7f4550000000 ---p 00000000 00:00 0 
7f4554000000-7f4554021000 rw-p 00000000 00:00 0 
7f4554021000-7f4558000000 ---p 00000000 00:00 0 
7f45580a6000-7f455848f000 rw-p 00000000 00:00 0 
7f455848f000-7f4558490000 ---p 00000000 00:00 0 
7f4558490000-7f4558591000 rw-p 00000000 00:00 0 
7f4558591000-7f4558592000 ---p 00000000 00:00 0 
7f4558592000-7f4558693000 rw-p 00000000 00:00 0 
7f4558693000-7f4558694000 ---p 00000000 00:00 0 
7f4558694000-7f4558901000 rw-p 00000000 00:00 0 
7f4558901000-7f459fbd1000 ---p 00000000 00:00 0 
7f459fbd1000-7f45a0cd1000 rw-p 00000000 00:00 0 
7f45a0cd1000-7f45a0f41000 rwxp 00000000 00:00 0 
7f45a0f41000-7f45a8130000 ---p 00000000 00:00 0 
7f45a8130000-7f45a83a0000 rwxp 00000000 00:00 0 
7f45a83a0000-7f45a8871000 ---p 00000000 00:00 0 
7f45a8871000-7f45a8ae1000 rwxp 00000000 00:00 0 
7f45a8ae1000-7f45afcd1000 ---p 00000000 00:00 0 
7f45afcd1000-7f45b05a5000 r--s 00000000 08:02 524310                     /var/lib/sss/mc/passwd
7f45b05a5000-7f45b8000000 r--s 00000000 08:02 6040388                    /usr/lib/jvm/java-17-openjdk-amd64/lib/modules
7f45b8000000-7f45b806c000 rw-p 00000000 00:00 0 
7f45b806c000-7f45bc000000 ---p 00000000 00:00 0 
7f45bc007000-7f45bc20e000 rw-p 00000000 00:00 0 
7f45bc20e000-7f45bc2f2000 ---p 00000000 00:00 0 
7f45bc2f2000-7f45bc2f7000 rw-p 00000000 00:00 0 
7f45bc2f7000-7f45bc3db000 ---p 00000000 00:00 0 
7f45bc3db000-7f45bc3dd000 r--p 00000000 08:02 263946                     /lib/x86_64-linux-gnu/libnss_sss.so.2
7f45bc3dd000-7f45bc3e4000 r-xp 00002000 08:02 263946                     /lib/x86_64-linux-gnu/libnss_sss.so.2
7f45bc3e4000-7f45bc3e6000 r--p 00009000 08:02 263946                     /lib/x86_64-linux-gnu/libnss_sss.so.2
7f45bc3e6000-7f45bc3e7000 r--p 0000a000 08:02 263946                     /lib/x86_64-linux-gnu/libnss_sss.so.2
7f45bc3e7000-7f45bc3e8000 rw-p 0000b000 08:02 263946                     /lib/x86_64-linux-gnu/libnss_sss.so.2
7f45bc3e8000-7f45bc3ea000 r--p 00000000 08:02 265802                     /lib/x86_64-linux-gnu/libnss_compat.so.2
7f45bc3ea000-7f45bc3f1000 r-xp 00002000 08:02 265802                     /lib/x86_64-linux-gnu/libnss_compat.so.2
7f45bc3f1000-7f45bc3f2000 r--p 00009000 08:02 265802                     /lib/x86_64-linux-gnu/libnss_compat.so.2
7f45bc3f2000-7f45bc3f3000 r--p 00009000 08:02 265802                     /lib/x86_64-linux-gnu/libnss_compat.so.2
7f45bc3f3000-7f45bc3f4000 rw-p 0000a000 08:02 265802                     /lib/x86_64-linux-gnu/libnss_compat.so.2
7f45bc3f9000-7f45bc3fe000 rw-p 00000000 00:00 0 
7f45bc3fe000-7f45bc408000 ---p 00000000 00:00 0 
7f45bc408000-7f45bc410000 rw-s 00000000 00:24 31797                      /tmp/hsperfdata_zlac318/1745483
7f45bc410000-7f45bc41c000 r--p 00000000 08:02 6040357                    /usr/lib/jvm/java-17-openjdk-amd64/lib/libjava.so
7f45bc41c000-7f45bc42f000 r-xp 0000c000 08:02 6040357                    /usr/lib/jvm/java-17-openjdk-amd64/lib/libjava.so
7f45bc42f000-7f45bc435000 r--p 0001f000 08:02 6040357                    /usr/lib/jvm/java-17-openjdk-amd64/lib/libjava.so
7f45bc435000-7f45bc436000 r--p 00024000 08:02 6040357                    /usr/lib/jvm/java-17-openjdk-amd64/lib/libjava.so
7f45bc436000-7f45bc437000 rw-p 00025000 08:02 6040357                    /usr/lib/jvm/java-17-openjdk-amd64/lib/libjava.so
7f45bc437000-7f45bc438000 rw-p 00000000 00:00 0 
7f45bc438000-7f45bc43c000 ---p 00000000 00:00 0 
7f45bc43c000-7f45bc538000 rw-p 00000000 00:00 0 
7f45bc538000-7f45bc53b000 r--p 00000000 08:02 263934                     /lib/x86_64-linux-gnu/libgcc_s.so.1
7f45bc53b000-7f45bc552000 r-xp 00003000 08:02 263934                     /lib/x86_64-linux-gnu/libgcc_s.so.1
7f45bc552000-7f45bc556000 r--p 0001a000 08:02 263934                     /lib/x86_64-linux-gnu/libgcc_s.so.1
7f45bc556000-7f45bc557000 r--p 0001d000 08:02 263934                     /lib/x86_64-linux-gnu/libgcc_s.so.1
7f45bc557000-7f45bc558000 rw-p 0001e000 08:02 263934                     /lib/x86_64-linux-gnu/libgcc_s.so.1
7f45bc558000-7f45bc566000 r--p 00000000 08:02 265798                     /lib/x86_64-linux-gnu/libm.so.6
7f45bc566000-7f45bc5e2000 r-xp 0000e000 08:02 265798                     /lib/x86_64-linux-gnu/libm.so.6
7f45bc5e2000-7f45bc63d000 r--p 0008a000 08:02 265798                     /lib/x86_64-linux-gnu/libm.so.6
7f45bc63d000-7f45bc63e000 r--p 000e4000 08:02 265798                     /lib/x86_64-linux-gnu/libm.so.6
7f45bc63e000-7f45bc63f000 rw-p 000e5000 08:02 265798                     /lib/x86_64-linux-gnu/libm.so.6
7f45bc63f000-7f45bc6d9000 r--p 00000000 08:02 5913363                    /usr/lib/x86_64-linux-gnu/libstdc++.so.6.0.30
7f45bc6d9000-7f45bc7ea000 r-xp 0009a000 08:02 5913363                    /usr/lib/x86_64-linux-gnu/libstdc++.so.6.0.30
7f45bc7ea000-7f45bc859000 r--p 001ab000 08:02 5913363                    /usr/lib/x86_64-linux-gnu/libstdc++.so.6.0.30
7f45bc859000-7f45bc85a000 ---p 0021a000 08:02 5913363                    /usr/lib/x86_64-linux-gnu/libstdc++.so.6.0.30
7f45bc85a000-7f45bc865000 r--p 0021a000 08:02 5913363                    /usr/lib/x86_64-linux-gnu/libstdc++.so.6.0.30
7f45bc865000-7f45bc868000 rw-p 00225000 08:02 5913363                    /usr/lib/x86_64-linux-gnu/libstdc++.so.6.0.30
7f45bc868000-7f45bc86b000 rw-p 00000000 00:00 0 
7f45bc86b000-7f45bcabc000 r--p 00000000 08:02 6040392                    /usr/lib/jvm/java-17-openjdk-amd64/lib/server/libjvm.so
7f45bcabc000-7f45bd842000 r-xp 00251000 08:02 6040392                    /usr/lib/jvm/java-17-openjdk-amd64/lib/server/libjvm.so
7f45bd842000-7f45bdac5000 r--p 00fd7000 08:02 6040392                    /usr/lib/jvm/java-17-openjdk-amd64/lib/server/libjvm.so
7f45bdac5000-7f45bdac6000 ---p 0125a000 08:02 6040392                    /usr/lib/jvm/java-17-openjdk-amd64/lib/server/libjvm.so
7f45bdac6000-7f45bdb7e000 r--p 0125a000 08:02 6040392                    /usr/lib/jvm/java-17-openjdk-amd64/lib/server/libjvm.so
7f45bdb7e000-7f45bdbb3000 rw-p 01312000 08:02 6040392                    /usr/lib/jvm/java-17-openjdk-amd64/lib/server/libjvm.so
7f45bdbb3000-7f45bdc0f000 rw-p 00000000 00:00 0 
7f45bdc0f000-7f45bdc37000 r--p 00000000 08:02 265795                     /lib/x86_64-linux-gnu/libc.so.6
7f45bdc37000-7f45bddcc000 r-xp 00028000 08:02 265795                     /lib/x86_64-linux-gnu/libc.so.6
7f45bddcc000-7f45bde24000 r--p 001bd000 08:02 265795                     /lib/x86_64-linux-gnu/libc.so.6
7f45bde24000-7f45bde28000 r--p 00214000 08:02 265795                     /lib/x86_64-linux-gnu/libc.so.6
7f45bde28000-7f45bde2a000 rw-p 00218000 08:02 265795                     /lib/x86_64-linux-gnu/libc.so.6
7f45bde2a000-7f45bde37000 rw-p 00000000 00:00 0 
7f45bde37000-7f45bde39000 r--p 00000000 08:02 6040369                    /usr/lib/jvm/java-17-openjdk-amd64/lib/libjli.so
7f45bde39000-7f45bde43000 r-xp 00002000 08:02 6040369                    /usr/lib/jvm/java-17-openjdk-amd64/lib/libjli.so
7f45bde43000-7f45bde46000 r--p 0000c000 08:02 6040369                    /usr/lib/jvm/java-17-openjdk-amd64/lib/libjli.so
7f45bde46000-7f45bde47000 r--p 0000e000 08:02 6040369                    /usr/lib/jvm/java-17-openjdk-amd64/lib/libjli.so
7f45bde47000-7f45bde48000 rw-p 0000f000 08:02 6040369                    /usr/lib/jvm/java-17-openjdk-amd64/lib/libjli.so
7f45bde48000-7f45bde4a000 r--p 00000000 08:02 263930                     /lib/x86_64-linux-gnu/libz.so.1.2.11
7f45bde4a000-7f45bde5b000 r-xp 00002000 08:02 263930                     /lib/x86_64-linux-gnu/libz.so.1.2.11
7f45bde5b000-7f45bde61000 r--p 00013000 08:02 263930                     /lib/x86_64-linux-gnu/libz.so.1.2.11
7f45bde61000-7f45bde62000 ---p 00019000 08:02 263930                     /lib/x86_64-linux-gnu/libz.so.1.2.11
7f45bde62000-7f45bde63000 r--p 00019000 08:02 263930                     /lib/x86_64-linux-gnu/libz.so.1.2.11
7f45bde63000-7f45bde64000 rw-p 0001a000 08:02 263930                     /lib/x86_64-linux-gnu/libz.so.1.2.11
7f45bde69000-7f45bde6a000 r--p 00000000 08:02 6040345                    /usr/lib/jvm/java-17-openjdk-amd64/lib/libinstrument.so
7f45bde6a000-7f45bde70000 r-xp 00001000 08:02 6040345                    /usr/lib/jvm/java-17-openjdk-amd64/lib/libinstrument.so
7f45bde70000-7f45bde73000 r--p 00007000 08:02 6040345                    /usr/lib/jvm/java-17-openjdk-amd64/lib/libinstrument.so
7f45bde73000-7f45bde74000 r--p 00009000 08:02 6040345                    /usr/lib/jvm/java-17-openjdk-amd64/lib/libinstrument.so
7f45bde74000-7f45bde75000 rw-p 0000a000 08:02 6040345                    /usr/lib/jvm/java-17-openjdk-amd64/lib/libinstrument.so
7f45bde75000-7f45bde76000 ---p 00000000 00:00 0 
7f45bde76000-7f45bde77000 r--p 00000000 00:00 0 
7f45bde77000-7f45bde79000 r--p 00000000 08:02 6040367                    /usr/lib/jvm/java-17-openjdk-amd64/lib/libjimage.so
7f45bde79000-7f45bde7c000 r-xp 00002000 08:02 6040367                    /usr/lib/jvm/java-17-openjdk-amd64/lib/libjimage.so
7f45bde7c000-7f45bde7d000 r--p 00005000 08:02 6040367                    /usr/lib/jvm/java-17-openjdk-amd64/lib/libjimage.so
7f45bde7d000-7f45bde7e000 ---p 00006000 08:02 6040367                    /usr/lib/jvm/java-17-openjdk-amd64/lib/libjimage.so
7f45bde7e000-7f45bde7f000 r--p 00006000 08:02 6040367                    /usr/lib/jvm/java-17-openjdk-amd64/lib/libjimage.so
7f45bde7f000-7f45bde80000 rw-p 00007000 08:02 6040367                    /usr/lib/jvm/java-17-openjdk-amd64/lib/libjimage.so
7f45bde80000-7f45bde82000 rw-p 00000000 00:00 0 
7f45bde82000-7f45bde84000 r--p 00000000 08:02 265792                     /lib/x86_64-linux-gnu/ld-linux-x86-64.so.2
7f45bde84000-7f45bdeae000 r-xp 00002000 08:02 265792                     /lib/x86_64-linux-gnu/ld-linux-x86-64.so.2
7f45bdeae000-7f45bdeb9000 r--p 0002c000 08:02 265792                     /lib/x86_64-linux-gnu/ld-linux-x86-64.so.2
7f45bdeb9000-7f45bdeba000 ---p 00000000 00:00 0 
7f45bdeba000-7f45bdebc000 r--p 00037000 08:02 265792                     /lib/x86_64-linux-gnu/ld-linux-x86-64.so.2
7f45bdebc000-7f45bdebe000 rw-p 00039000 08:02 265792                     /lib/x86_64-linux-gnu/ld-linux-x86-64.so.2
7ffd918a8000-7ffd918ca000 rw-p 00000000 00:00 0                          [stack]
7ffd919ce000-7ffd919d2000 r--p 00000000 00:00 0                          [vvar]
7ffd919d2000-7ffd919d4000 r-xp 00000000 00:00 0                          [vdso]
ffffffffff600000-ffffffffff601000 --xp 00000000 00:00 0                  [vsyscall]


VM Arguments:
jvm_args: -javaagent:/home/cim/ug/zlac318/.eclipse/org.eclipse.platform_4.28.0_1779727878_linux_gtk_x86_64/configuration/org.eclipse.osgi/464/0/.cp/jacocoagent.jar=includes=*,excludes=,exclclassloader=sun.reflect.DelegatingClassLoader,output=tcpclient,port=40853 -ea -Dfile.encoding=UTF-8 -XX:+ShowCodeDetailsInExceptionMessages 
java_command: org.eclipse.jdt.internal.junit.runner.RemoteTestRunner -version 3 -port 41887 -testLoaderClass org.eclipse.jdt.internal.junit5.runner.JUnit5TestLoader -loaderpluginname org.eclipse.jdt.junit5.runtime -packageNameFile /tmp/packageNames11747123742652293535.txt
java_class_path (initial): /home/cim/ug/zlac318/CS2800/Calculator/target/test-classes:/home/cim/ug/zlac318/CS2800/Calculator/target/classes:/home/cim/ug/zlac318/.m2/repository/org/junit/jupiter/junit-jupiter-api/5.10.0/junit-jupiter-api-5.10.0.jar:/home/cim/ug/zlac318/.m2/repository/org/opentest4j/opentest4j/1.3.0/opentest4j-1.3.0.jar:/home/cim/ug/zlac318/.m2/repository/org/junit/platform/junit-platform-commons/1.10.0/junit-platform-commons-1.10.0.jar:/home/cim/ug/zlac318/.m2/repository/org/apiguardian/apiguardian-api/1.1.2/apiguardian-api-1.1.2.jar:/home/cim/ug/zlac318/.m2/repository/org/openjfx/javafx-controls/13/javafx-controls-13.jar:/home/cim/ug/zlac318/.m2/repository/org/openjfx/javafx-controls/13/javafx-controls-13-linux.jar:/home/cim/ug/zlac318/.m2/repository/org/openjfx/javafx-graphics/13/javafx-graphics-13.jar:/home/cim/ug/zlac318/.m2/repository/org/openjfx/javafx-graphics/13/javafx-graphics-13-linux.jar:/home/cim/ug/zlac318/.m2/repository/org/openjfx/javafx-base/13/javafx-base-13.jar:/home/cim/ug/zlac318/.m2/repository/org/openjfx/javafx-base/13/javafx-base-13-linux.jar:/home/cim/ug/zlac318/.m2/repository/org/openjfx/javafx-fxml/13/javafx-fxml-13.jar:/home/cim/ug/zlac318/.m2/repository/org/openjfx/javafx-fxml/13/javafx-fxml-13-linux.jar:/home/cim/ug/zlac318/.m2/repository/org/junit/platform/junit-platform-launcher/1.10.0/junit-platform-launcher-1.10.0.jar:/home/cim/ug/zlac318/.m2/repository/org/junit/platform/junit-platform-engine/1.10.0/junit-platform-engine-1.10.0.jar:/home/cim/ug/zlac318/.m2/repository/org/junit/jupiter/junit-jupiter-engine/5.10.0/junit-jupiter-engine-5.10.0.jar:/home/cim/ug/zlac318/.eclipse/org.eclipse.platform_4.28.0_1779727878_linux_gtk_x86_64/configuration/org.eclipse.osgi/241/0/.cp:/home/cim/ug/zlac318/.eclipse/org.eclipse.platform_4.28.0_1779727878_linux_gtk_x86_64/configuration/org.eclipse.osgi/239/0/.cp
Launcher Type: SUN_STANDARD

[Global flags]
     intx CICompilerCount                          = 12                                        {product} {ergonomic}
     uint ConcGCThreads                            = 5                                         {product} {ergonomic}
     uint G1ConcRefinementThreads                  = 18                                        {product} {ergonomic}
   size_t G1HeapRegionSize                         = 16777216                                  {product} {ergonomic}
    uintx GCDrainStackTargetSize                   = 64                                        {product} {ergonomic}
   size_t InitialHeapSize                          = 2147483648                                {product} {ergonomic}
   size_t MarkStackSize                            = 4194304                                   {product} {ergonomic}
   size_t MaxHeapSize                              = 32178700288                               {product} {ergonomic}
   size_t MinHeapDeltaBytes                        = 16777216                                  {product} {ergonomic}
   size_t MinHeapSize                              = 16777216                                  {product} {ergonomic}
    uintx NonNMethodCodeHeapSize                   = 7602480                                {pd product} {ergonomic}
    uintx NonProfiledCodeHeapSize                  = 122027880                              {pd product} {ergonomic}
    uintx ProfiledCodeHeapSize                     = 122027880                              {pd product} {ergonomic}
    uintx ReservedCodeCacheSize                    = 251658240                              {pd product} {ergonomic}
     bool SegmentedCodeCache                       = true                                      {product} {ergonomic}
     bool ShowCodeDetailsInExceptionMessages       = true                                   {manageable} {command line}
   size_t SoftMaxHeapSize                          = 32178700288                            {manageable} {ergonomic}
     bool UseCompressedClassPointers               = true                           {product lp64_product} {ergonomic}
     bool UseCompressedOops                        = true                           {product lp64_product} {ergonomic}
     bool UseG1GC                                  = true                                      {product} {ergonomic}

Logging:
Log output configuration:
 #0: stdout all=warning uptime,level,tags
 #1: stderr all=off uptime,level,tags

Environment Variables:
CLASSPATH=.:/apps/jade/lib/jade.jar:/apps/share/java/rhulDrawing
PATH=/usr/local/sbin:/usr/local/bin:/usr/sbin:/usr/bin:/sbin:/bin:/home/cim/ug/zlac318/.dotnet/tools:/opt/puppetlabs/bin:/apps/x86_64Linux/blast/bin:/apps/x86_64Linux/hmmer:/apps/apache-jena/bin:/apps/pellet/bin:/opt/mpich/ch-p4/bin
USERNAME=zlac318
SHELL=/bin/bash
DISPLAY=:1045.0
LANG=en_GB.UTF-8

Active Locale:
LC_ALL=C
LC_COLLATE=C
LC_CTYPE=C
LC_MESSAGES=C
LC_MONETARY=C
LC_NUMERIC=C
LC_TIME=C

Signal Handlers:
   SIGSEGV: crash_handler in libjvm.so, mask=11100100010111111101111111111110, flags=SA_RESTART|SA_SIGINFO, unblocked
    SIGBUS: crash_handler in libjvm.so, mask=11100100010111111101111111111110, flags=SA_RESTART|SA_SIGINFO, unblocked
    SIGFPE: crash_handler in libjvm.so, mask=11100100010111111101111111111110, flags=SA_RESTART|SA_SIGINFO, unblocked
   SIGPIPE: javaSignalHandler in libjvm.so, mask=11100100010111111101111111111110, flags=SA_RESTART|SA_SIGINFO, blocked
   SIGXFSZ: javaSignalHandler in libjvm.so, mask=11100100010111111101111111111110, flags=SA_RESTART|SA_SIGINFO, blocked
    SIGILL: crash_handler in libjvm.so, mask=11100100010111111101111111111110, flags=SA_RESTART|SA_SIGINFO, unblocked
   SIGUSR2: SR_handler in libjvm.so, mask=00100000000000000000000000000000, flags=SA_RESTART|SA_SIGINFO, blocked
    SIGHUP: SIG_DFL, mask=00000000000000000000000000000000, flags=none, blocked
    SIGINT: SIG_DFL, mask=00000000000000000000000000000000, flags=none, blocked
   SIGTERM: SIG_DFL, mask=00000000000000000000000000000000, flags=none, blocked
   SIGQUIT: UserHandler in libjvm.so, mask=11100100010111111101111111111110, flags=SA_RESTART|SA_SIGINFO, blocked
   SIGTRAP: crash_handler in libjvm.so, mask=11100100010111111101111111111110, flags=SA_RESTART|SA_SIGINFO, unblocked


---------------  S Y S T E M  ---------------

OS:
DISTRIB_ID=Ubuntu
DISTRIB_RELEASE=22.04
DISTRIB_CODENAME=jammy
DISTRIB_DESCRIPTION="Ubuntu 22.04.3 LTS"
uname: Linux 5.15.0-88-generic #98-Ubuntu SMP Mon Oct 2 15:18:56 UTC 2023 x86_64
OS uptime: 1 days 6:56 hours
libc: glibc 2.35 NPTL 2.35 
rlimit (soft/hard): STACK 8192k/300000k , CORE 0k/infinity , NPROC 800/1000 , NOFILE 1048576/1048576 , AS 134217728k/268435456k , CPU infinity/infinity , DATA infinity/infinity , FSIZE infinity/infinity , MEMLOCK 24757292k/24757292k
load average: 5.45 5.04 5.34

/proc/meminfo:
MemTotal:       198058340 kB
MemFree:        118469264 kB
MemAvailable:   143365192 kB
Buffers:          672168 kB
Cached:         27038724 kB
SwapCached:            0 kB
Active:          9034632 kB
Inactive:       65588336 kB
Active(anon):     349088 kB
Inactive(anon): 49534656 kB
Active(file):    8685544 kB
Inactive(file): 16053680 kB
Unevictable:        3392 kB
Mlocked:            3392 kB
SwapTotal:      31249404 kB
SwapFree:       31249404 kB
Dirty:               248 kB
Writeback:             8 kB
AnonPages:      46915752 kB
Mapped:          4099328 kB
Shmem:           2971668 kB
KReclaimable:    1608768 kB
Slab:            2588360 kB
SReclaimable:    1608768 kB
SUnreclaim:       979592 kB
KernelStack:      317296 kB
PageTables:       659044 kB
NFS_Unstable:          0 kB
Bounce:                0 kB
WritebackTmp:          0 kB
CommitLimit:    130278572 kB
Committed_AS:   191248124 kB
VmallocTotal:   34359738367 kB
VmallocUsed:      602600 kB
VmallocChunk:          0 kB
Percpu:           282496 kB
HardwareCorrupted:     0 kB
AnonHugePages:         0 kB
ShmemHugePages:        0 kB
ShmemPmdMapped:        0 kB
FileHugePages:         0 kB
FilePmdMapped:         0 kB
HugePages_Total:       0
HugePages_Free:        0
HugePages_Rsvd:        0
HugePages_Surp:        0
Hugepagesize:       2048 kB
Hugetlb:               0 kB
DirectMap4k:     3092352 kB
DirectMap2M:    47239168 kB
DirectMap1G:    153092096 kB

/sys/kernel/mm/transparent_hugepage/enabled: always [madvise] never
/sys/kernel/mm/transparent_hugepage/defrag (defrag/compaction efforts parameter): always defer defer+madvise [madvise] never

Process Memory:
Virtual Size: 33225196K (peak: 33285696K)
Resident Set Size: 20936K (peak: 20936K) (anon: 6864K, file: 14040K, shmem: 32K)
Swapped out: 0K
C-Heap outstanding allocations: 24555K, retained: 392K
glibc malloc tunables: (default)

/proc/sys/kernel/threads-max (system-wide limit on the number of threads): 1546720
/proc/sys/vm/max_map_count (maximum number of memory map areas a process may have): 65530
/proc/sys/kernel/pid_max (system-wide limit on number of process identifiers): 4194304

container (cgroup) information:
container_type: cgroupv2
cpu_cpuset_cpus: not supported
cpu_memory_nodes: not supported
active_processor_count: 24
cpu_quota: not supported
cpu_period: not supported
cpu_shares: not supported
memory_limit_in_bytes: unlimited
memory_and_swap_limit_in_bytes: unlimited
memory_soft_limit_in_bytes: unlimited
memory_usage_in_bytes: 2768472 k
memory_max_usage_in_bytes: not supported
memory_swap_current_in_bytes: unlimited
memory_swap_max_limit_in_bytes: unlimited
maximum number of tasks: unlimited
current number of tasks: 733

VMWare virtualization detected
Steal ticks since vm start: 0
Steal ticks percentage since vm start:  0.000

CPU: total 24 (initial active 24) (1 cores per cpu, 1 threads per core) family 6 model 85 stepping 7 microcode 0x5003303, cx8, cmov, fxsr, mmx, 3dnowpref, sse, sse2, sse3, ssse3, sse4.1, sse4.2, popcnt, lzcnt, tsc, tscinvbit, avx, avx2, aes, erms, clmul, bmi1, bmi2, adx, avx512f, avx512dq, avx512cd, avx512bw, avx512vl, fma, vzeroupper, clflush, clflushopt, clwb, hv
CPU Model and flags from /proc/cpuinfo:
model name	: Intel(R) Xeon(R) Gold 6252 CPU @ 2.10GHz
flags		: fpu vme de pse tsc msr pae mce cx8 apic sep mtrr pge mca cmov pat pse36 clflush mmx fxsr sse sse2 ss syscall nx pdpe1gb rdtscp lm constant_tsc arch_perfmon nopl xtopology tsc_reliable nonstop_tsc cpuid tsc_known_freq pni pclmulqdq ssse3 fma cx16 pcid sse4_1 sse4_2 x2apic movbe popcnt tsc_deadline_timer aes xsave avx f16c rdrand hypervisor lahf_lm abm 3dnowprefetch invpcid_single ssbd ibrs ibpb stibp ibrs_enhanced fsgsbase tsc_adjust bmi1 avx2 smep bmi2 invpcid avx512f avx512dq rdseed adx smap clflushopt clwb avx512cd avx512bw avx512vl xsaveopt xsavec xsaves arat pku ospke md_clear flush_l1d arch_capabilities

Online cpus: 0-23
Offline cpus: 
BIOS frequency limitation: <Not Available>
Frequency switch latency (ns): <Not Available>
Available cpu frequencies: <Not Available>
Current governor: <Not Available>
Core performance/turbo boost: <Not Available>

Memory: 4k page, physical 198058340k(118469264k free), swap 31249404k(31249404k free)
Page Sizes: 4k

vm_info: OpenJDK 64-Bit Server VM (17.0.8.1+1-Ubuntu-0ubuntu122.04) for linux-amd64 JRE (17.0.8.1+1-Ubuntu-0ubuntu122.04), built on Aug 24 2023 23:23:28 by "buildd" with gcc 11.4.0

END.
